{"C:\\Users\\María\\OneDrive\\Bootcamp IsdiCoders\\Curso\\Week6\\challengeWE\\202204-W6CHWE-mariadelmar-cegarra-back\\.eslintrc.js": {"path":"C:\\Users\\María\\OneDrive\\Bootcamp IsdiCoders\\Curso\\Week6\\challengeWE\\202204-W6CHWE-mariadelmar-cegarra-back\\.eslintrc.js","statementMap":{"0":{"start":{"line":1,"column":0},"end":{"line":13,"column":2}}},"fnMap":{},"branchMap":{},"s":{"0":0},"f":{},"b":{}}
,"C:\\Users\\María\\OneDrive\\Bootcamp IsdiCoders\\Curso\\Week6\\challengeWE\\202204-W6CHWE-mariadelmar-cegarra-back\\index.js": {"path":"C:\\Users\\María\\OneDrive\\Bootcamp IsdiCoders\\Curso\\Week6\\challengeWE\\202204-W6CHWE-mariadelmar-cegarra-back\\index.js","statementMap":{"0":{"start":{"line":1,"column":0},"end":{"line":1,"column":27}},"1":{"start":{"line":2,"column":18},"end":{"line":2,"column":33}},"2":{"start":{"line":4,"column":13},"end":{"line":4,"column":44}},"3":{"start":{"line":6,"column":19},"end":{"line":6,"column":38}},"4":{"start":{"line":7,"column":25},"end":{"line":7,"column":61}},"5":{"start":{"line":9,"column":14},"end":{"line":9,"column":38}},"6":{"start":{"line":11,"column":0},"end":{"line":14,"column":5}},"7":{"start":{"line":12,"column":2},"end":{"line":12,"column":25}},"8":{"start":{"line":13,"column":2},"end":{"line":13,"column":31}},"9":{"start":{"line":16,"column":0},"end":{"line":16,"column":9}}},"fnMap":{"0":{"name":"(anonymous_0)","decl":{"start":{"line":11,"column":1},"end":{"line":11,"column":2}},"loc":{"start":{"line":11,"column":13},"end":{"line":14,"column":1}},"line":11}},"branchMap":{"0":{"loc":{"start":{"line":4,"column":13},"end":{"line":4,"column":44}},"type":"binary-expr","locations":[{"start":{"line":4,"column":13},"end":{"line":4,"column":36}},{"start":{"line":4,"column":40},"end":{"line":4,"column":44}}],"line":4}},"s":{"0":0,"1":0,"2":0,"3":0,"4":0,"5":0,"6":0,"7":0,"8":0,"9":0},"f":{"0":0},"b":{"0":[0,0]}}
,"C:\\Users\\María\\OneDrive\\Bootcamp IsdiCoders\\Curso\\Week6\\challengeWE\\202204-W6CHWE-mariadelmar-cegarra-back\\db\\index.js": {"path":"C:\\Users\\María\\OneDrive\\Bootcamp IsdiCoders\\Curso\\Week6\\challengeWE\\202204-W6CHWE-mariadelmar-cegarra-back\\db\\index.js","statementMap":{"0":{"start":{"line":1,"column":14},"end":{"line":1,"column":43}},"1":{"start":{"line":2,"column":14},"end":{"line":2,"column":30}},"2":{"start":{"line":3,"column":21},"end":{"line":3,"column":40}},"3":{"start":{"line":5,"column":18},"end":{"line":16,"column":4}},"4":{"start":{"line":6,"column":2},"end":{"line":16,"column":4}},"5":{"start":{"line":7,"column":4},"end":{"line":15,"column":7}},"6":{"start":{"line":8,"column":6},"end":{"line":12,"column":7}},"7":{"start":{"line":9,"column":8},"end":{"line":9,"column":63}},"8":{"start":{"line":10,"column":8},"end":{"line":10,"column":17}},"9":{"start":{"line":11,"column":8},"end":{"line":11,"column":15}},"10":{"start":{"line":13,"column":6},"end":{"line":13,"column":50}},"11":{"start":{"line":14,"column":6},"end":{"line":14,"column":16}},"12":{"start":{"line":18,"column":0},"end":{"line":18,"column":27}}},"fnMap":{"0":{"name":"(anonymous_0)","decl":{"start":{"line":5,"column":18},"end":{"line":5,"column":19}},"loc":{"start":{"line":6,"column":2},"end":{"line":16,"column":4}},"line":6},"1":{"name":"(anonymous_1)","decl":{"start":{"line":6,"column":14},"end":{"line":6,"column":15}},"loc":{"start":{"line":6,"column":35},"end":{"line":16,"column":3}},"line":6},"2":{"name":"(anonymous_2)","decl":{"start":{"line":7,"column":28},"end":{"line":7,"column":29}},"loc":{"start":{"line":7,"column":39},"end":{"line":15,"column":5}},"line":7}},"branchMap":{"0":{"loc":{"start":{"line":8,"column":6},"end":{"line":12,"column":7}},"type":"if","locations":[{"start":{"line":8,"column":6},"end":{"line":12,"column":7}},{"start":{},"end":{}}],"line":8}},"s":{"0":0,"1":0,"2":0,"3":0,"4":0,"5":0,"6":0,"7":0,"8":0,"9":0,"10":0,"11":0,"12":0},"f":{"0":0,"1":0,"2":0},"b":{"0":[0,0]}}
,"C:\\Users\\María\\OneDrive\\Bootcamp IsdiCoders\\Curso\\Week6\\challengeWE\\202204-W6CHWE-mariadelmar-cegarra-back\\db\\models\\Robot.js": {"path":"C:\\Users\\María\\OneDrive\\Bootcamp IsdiCoders\\Curso\\Week6\\challengeWE\\202204-W6CHWE-mariadelmar-cegarra-back\\db\\models\\Robot.js","statementMap":{"0":{"start":{"line":1,"column":0},"end":{"line":1,"column":29}},"1":{"start":{"line":2,"column":28},"end":{"line":2,"column":47}},"2":{"start":{"line":4,"column":20},"end":{"line":26,"column":2}},"3":{"start":{"line":28,"column":14},"end":{"line":28,"column":51}},"4":{"start":{"line":30,"column":0},"end":{"line":30,"column":23}}},"fnMap":{},"branchMap":{},"s":{"0":1,"1":1,"2":1,"3":1,"4":1},"f":{},"b":{},"_coverageSchema":"1a1c01bbd47fc00a2c39e90264f33305004495a9","hash":"6947e438a4085178481d57037489df56c7336ae1"}
,"C:\\Users\\María\\OneDrive\\Bootcamp IsdiCoders\\Curso\\Week6\\challengeWE\\202204-W6CHWE-mariadelmar-cegarra-back\\server\\index.js": {"path":"C:\\Users\\María\\OneDrive\\Bootcamp IsdiCoders\\Curso\\Week6\\challengeWE\\202204-W6CHWE-mariadelmar-cegarra-back\\server\\index.js","statementMap":{"0":{"start":{"line":1,"column":13},"end":{"line":1,"column":28}},"1":{"start":{"line":2,"column":15},"end":{"line":2,"column":32}},"2":{"start":{"line":3,"column":16},"end":{"line":3,"column":34}},"3":{"start":{"line":4,"column":40},"end":{"line":4,"column":71}},"4":{"start":{"line":5,"column":20},"end":{"line":5,"column":53}},"5":{"start":{"line":7,"column":12},"end":{"line":7,"column":21}},"6":{"start":{"line":9,"column":15},"end":{"line":18,"column":1}},"7":{"start":{"line":10,"column":2},"end":{"line":10,"column":18}},"8":{"start":{"line":11,"column":2},"end":{"line":11,"column":25}},"9":{"start":{"line":12,"column":2},"end":{"line":12,"column":26}},"10":{"start":{"line":14,"column":2},"end":{"line":14,"column":34}},"11":{"start":{"line":16,"column":2},"end":{"line":16,"column":25}},"12":{"start":{"line":17,"column":2},"end":{"line":17,"column":24}},"13":{"start":{"line":20,"column":0},"end":{"line":23,"column":2}}},"fnMap":{"0":{"name":"(anonymous_0)","decl":{"start":{"line":9,"column":15},"end":{"line":9,"column":16}},"loc":{"start":{"line":9,"column":21},"end":{"line":18,"column":1}},"line":9}},"branchMap":{},"s":{"0":0,"1":0,"2":0,"3":0,"4":0,"5":0,"6":0,"7":0,"8":0,"9":0,"10":0,"11":0,"12":0,"13":0},"f":{"0":0},"b":{}}
,"C:\\Users\\María\\OneDrive\\Bootcamp IsdiCoders\\Curso\\Week6\\challengeWE\\202204-W6CHWE-mariadelmar-cegarra-back\\server\\initializeServer.js": {"path":"C:\\Users\\María\\OneDrive\\Bootcamp IsdiCoders\\Curso\\Week6\\challengeWE\\202204-W6CHWE-mariadelmar-cegarra-back\\server\\initializeServer.js","statementMap":{"0":{"start":{"line":1,"column":0},"end":{"line":1,"column":27}},"1":{"start":{"line":2,"column":14},"end":{"line":2,"column":30}},"2":{"start":{"line":3,"column":14},"end":{"line":3,"column":64}},"3":{"start":{"line":4,"column":16},"end":{"line":4,"column":28}},"4":{"start":{"line":6,"column":25},"end":{"line":17,"column":4}},"5":{"start":{"line":7,"column":2},"end":{"line":17,"column":4}},"6":{"start":{"line":8,"column":19},"end":{"line":11,"column":6}},"7":{"start":{"line":9,"column":6},"end":{"line":9,"column":63}},"8":{"start":{"line":10,"column":6},"end":{"line":10,"column":16}},"9":{"start":{"line":13,"column":4},"end":{"line":16,"column":7}},"10":{"start":{"line":14,"column":6},"end":{"line":14,"column":34}},"11":{"start":{"line":15,"column":6},"end":{"line":15,"column":15}},"12":{"start":{"line":19,"column":0},"end":{"line":19,"column":34}}},"fnMap":{"0":{"name":"(anonymous_0)","decl":{"start":{"line":6,"column":25},"end":{"line":6,"column":26}},"loc":{"start":{"line":7,"column":2},"end":{"line":17,"column":4}},"line":7},"1":{"name":"(anonymous_1)","decl":{"start":{"line":7,"column":14},"end":{"line":7,"column":15}},"loc":{"start":{"line":7,"column":35},"end":{"line":17,"column":3}},"line":7},"2":{"name":"(anonymous_2)","decl":{"start":{"line":8,"column":36},"end":{"line":8,"column":37}},"loc":{"start":{"line":8,"column":42},"end":{"line":11,"column":5}},"line":8},"3":{"name":"(anonymous_3)","decl":{"start":{"line":13,"column":23},"end":{"line":13,"column":24}},"loc":{"start":{"line":13,"column":34},"end":{"line":16,"column":5}},"line":13}},"branchMap":{},"s":{"0":0,"1":0,"2":0,"3":0,"4":0,"5":0,"6":0,"7":0,"8":0,"9":0,"10":0,"11":0,"12":0},"f":{"0":0,"1":0,"2":0,"3":0},"b":{}}
,"C:\\Users\\María\\OneDrive\\Bootcamp IsdiCoders\\Curso\\Week6\\challengeWE\\202204-W6CHWE-mariadelmar-cegarra-back\\server\\controllers\\index.js": {"path":"C:\\Users\\María\\OneDrive\\Bootcamp IsdiCoders\\Curso\\Week6\\challengeWE\\202204-W6CHWE-mariadelmar-cegarra-back\\server\\controllers\\index.js","statementMap":{"0":{"start":{"line":1,"column":14},"end":{"line":1,"column":46}},"1":{"start":{"line":3,"column":18},"end":{"line":6,"column":1}},"2":{"start":{"line":4,"column":17},"end":{"line":4,"column":35}},"3":{"start":{"line":5,"column":2},"end":{"line":5,"column":35}},"4":{"start":{"line":8,"column":0},"end":{"line":10,"column":2}}},"fnMap":{"0":{"name":"(anonymous_0)","decl":{"start":{"line":3,"column":18},"end":{"line":3,"column":19}},"loc":{"start":{"line":3,"column":38},"end":{"line":6,"column":1}},"line":3}},"branchMap":{},"s":{"0":1,"1":1,"2":2,"3":2,"4":1},"f":{"0":2},"b":{},"_coverageSchema":"1a1c01bbd47fc00a2c39e90264f33305004495a9","hash":"ecabf520d8799c992721ab1c604cbd56a3b2848c"}
,"C:\\Users\\María\\OneDrive\\Bootcamp IsdiCoders\\Curso\\Week6\\challengeWE\\202204-W6CHWE-mariadelmar-cegarra-back\\server\\middlewares\\errors.js": {"path":"C:\\Users\\María\\OneDrive\\Bootcamp IsdiCoders\\Curso\\Week6\\challengeWE\\202204-W6CHWE-mariadelmar-cegarra-back\\server\\middlewares\\errors.js","statementMap":{"0":{"start":{"line":1,"column":14},"end":{"line":1,"column":30}},"1":{"start":{"line":3,"column":14},"end":{"line":3,"column":54}},"2":{"start":{"line":5,"column":22},"end":{"line":8,"column":1}},"3":{"start":{"line":6,"column":2},"end":{"line":6,"column":63}},"4":{"start":{"line":7,"column":2},"end":{"line":7,"column":54}},"5":{"start":{"line":10,"column":21},"end":{"line":13,"column":1}},"6":{"start":{"line":11,"column":2},"end":{"line":11,"column":39}},"7":{"start":{"line":12,"column":2},"end":{"line":12,"column":49}},"8":{"start":{"line":15,"column":0},"end":{"line":15,"column":49}}},"fnMap":{"0":{"name":"(anonymous_0)","decl":{"start":{"line":5,"column":22},"end":{"line":5,"column":23}},"loc":{"start":{"line":5,"column":36},"end":{"line":8,"column":1}},"line":5},"1":{"name":"(anonymous_1)","decl":{"start":{"line":10,"column":21},"end":{"line":10,"column":22}},"loc":{"start":{"line":10,"column":42},"end":{"line":13,"column":1}},"line":10}},"branchMap":{},"s":{"0":1,"1":1,"2":1,"3":2,"4":2,"5":1,"6":2,"7":2,"8":1},"f":{"0":2,"1":2},"b":{},"_coverageSchema":"1a1c01bbd47fc00a2c39e90264f33305004495a9","hash":"b84efb9c19ba96a0447a9fd2ad0f44026867cd4b"}
,"C:\\Users\\María\\OneDrive\\Bootcamp IsdiCoders\\Curso\\Week6\\challengeWE\\202204-W6CHWE-mariadelmar-cegarra-back\\server\\mocks\\mockRobots.js": {"path":"C:\\Users\\María\\OneDrive\\Bootcamp IsdiCoders\\Curso\\Week6\\challengeWE\\202204-W6CHWE-mariadelmar-cegarra-back\\server\\mocks\\mockRobots.js","statementMap":{"0":{"start":{"line":1,"column":19},"end":{"line":22,"column":1}},"1":{"start":{"line":24,"column":0},"end":{"line":24,"column":28}}},"fnMap":{},"branchMap":{},"s":{"0":1,"1":1},"f":{},"b":{},"_coverageSchema":"1a1c01bbd47fc00a2c39e90264f33305004495a9","hash":"5983a2a120ec337606d52a0962dc1a1a438996a0"}
,"C:\\Users\\María\\OneDrive\\Bootcamp IsdiCoders\\Curso\\Week6\\challengeWE\\202204-W6CHWE-mariadelmar-cegarra-back\\server\\routers\\robotRouters.js": {"path":"C:\\Users\\María\\OneDrive\\Bootcamp IsdiCoders\\Curso\\Week6\\challengeWE\\202204-W6CHWE-mariadelmar-cegarra-back\\server\\routers\\robotRouters.js","statementMap":{"0":{"start":{"line":1,"column":0},"end":{"line":1,"column":27}},"1":{"start":{"line":2,"column":16},"end":{"line":2,"column":34}},"2":{"start":{"line":3,"column":22},"end":{"line":3,"column":47}},"3":{"start":{"line":5,"column":20},"end":{"line":5,"column":36}},"4":{"start":{"line":7,"column":0},"end":{"line":7,"column":32}},"5":{"start":{"line":9,"column":0},"end":{"line":9,"column":29}}},"fnMap":{},"branchMap":{},"s":{"0":0,"1":0,"2":0,"3":0,"4":0,"5":0},"f":{},"b":{}}
}
